{
  "RSpec": {
    "coverage": {
      "/myapp/spec/models/answer_spec.rb": {
        "lines": [
          1,
          null,
          1,
          1,
          1,
          3,
          3,
          3,
          3,
          3,
          3,
          3,
          null,
          1,
          1,
          1,
          null,
          1,
          1,
          1,
          null,
          null,
          1,
          1,
          1,
          1,
          1,
          null,
          null,
          null,
          null
        ]
      },
      "/myapp/spec/rails_helper.rb": {
        "lines": [
          null,
          1,
          1,
          1,
          null,
          1,
          null,
          null,
          null,
          1,
          1,
          null,
          3,
          null,
          null,
          null,
          null,
          null,
          null,
          null,
          null,
          null,
          null,
          null,
          null,
          null,
          null,
          null,
          null,
          null,
          null,
          null,
          null,
          1,
          null,
          0,
          null,
          1,
          null,
          1,
          42,
          42,
          42,
          42,
          42,
          null,
          null,
          null,
          1,
          1,
          null,
          1,
          null,
          null,
          null,
          null,
          null,
          null,
          1,
          null,
          null,
          null,
          null,
          null,
          null,
          null,
          null,
          null,
          null,
          null,
          null,
          null,
          null,
          null,
          null,
          null,
          1,
          null,
          null,
          1,
          null,
          null,
          1,
          null,
          1,
          null
        ]
      },
      "/myapp/config/environment.rb": {
        "lines": [
          null,
          1,
          null,
          null,
          1
        ]
      },
      "/myapp/config/application.rb": {
        "lines": [
          1,
          null,
          1,
          null,
          null,
          null,
          1,
          null,
          1,
          1,
          null,
          1,
          null,
          null,
          null,
          null,
          1,
          null,
          null,
          null,
          null,
          null,
          null,
          null,
          null,
          1,
          1,
          null,
          null
        ]
      },
      "/myapp/config/boot.rb": {
        "lines": [
          1,
          null,
          1,
          1
        ]
      },
      "/myapp/config/environments/test.rb": {
        "lines": [
          1,
          null,
          null,
          null,
          null,
          null,
          null,
          1,
          null,
          null,
          null,
          1,
          null,
          null,
          null,
          null,
          null,
          1,
          null,
          null,
          1,
          null,
          null,
          1,
          1,
          1,
          null,
          null,
          1,
          null,
          null,
          1,
          null,
          null,
          1,
          null,
          null,
          null,
          1,
          null,
          null,
          null,
          null,
          1,
          null,
          null,
          null,
          1,
          null,
          null,
          1,
          null,
          null,
          1,
          null,
          null,
          1,
          null,
          null,
          null,
          null,
          null,
          null,
          null,
          null,
          1,
          null
        ]
      },
      "/myapp/config/initializers/assets.rb": {
        "lines": [
          null,
          null,
          null,
          1,
          null,
          null,
          null,
          null,
          null,
          null,
          null,
          null
        ]
      },
      "/myapp/config/initializers/content_security_policy.rb": {
        "lines": [
          null,
          null,
          null,
          null,
          null,
          null,
          null,
          null,
          null,
          null,
          null,
          null,
          null,
          null,
          null,
          null,
          null,
          null,
          null,
          null,
          null,
          null,
          null,
          null,
          null
        ]
      },
      "/myapp/config/initializers/devise.rb": {
        "lines": [
          null,
          null,
          null,
          null,
          null,
          null,
          null,
          null,
          null,
          null,
          1,
          null,
          null,
          null,
          null,
          null,
          null,
          null,
          null,
          null,
          null,
          null,
          null,
          null,
          null,
          null,
          1,
          null,
          null,
          null,
          null,
          null,
          null,
          null,
          null,
          null,
          null,
          null,
          1,
          null,
          null,
          null,
          null,
          null,
          null,
          null,
          null,
          null,
          null,
          null,
          null,
          null,
          null,
          null,
          null,
          null,
          null,
          null,
          null,
          null,
          1,
          null,
          null,
          null,
          null,
          1,
          null,
          null,
          null,
          null,
          null,
          null,
          null,
          null,
          null,
          null,
          null,
          null,
          null,
          null,
          null,
          null,
          null,
          null,
          null,
          null,
          null,
          null,
          null,
          null,
          null,
          null,
          null,
          null,
          null,
          null,
          null,
          null,
          null,
          1,
          null,
          null,
          null,
          null,
          null,
          null,
          null,
          null,
          null,
          null,
          null,
          null,
          null,
          null,
          null,
          null,
          null,
          null,
          null,
          null,
          null,
          null,
          null,
          null,
          null,
          1,
          null,
          null,
          null,
          null,
          null,
          null,
          null,
          null,
          null,
          null,
          null,
          null,
          null,
          null,
          null,
          null,
          null,
          null,
          null,
          null,
          null,
          null,
          null,
          null,
          null,
          null,
          null,
          null,
          null,
          null,
          null,
          null,
          null,
          1,
          null,
          null,
          null,
          null,
          null,
          null,
          null,
          null,
          null,
          1,
          null,
          null,
          null,
          null,
          null,
          null,
          null,
          null,
          null,
          null,
          1,
          null,
          null,
          null,
          null,
          1,
          null,
          null,
          null,
          null,
          null,
          null,
          null,
          null,
          null,
          null,
          null,
          null,
          null,
          null,
          null,
          null,
          null,
          null,
          null,
          null,
          null,
          null,
          null,
          null,
          null,
          null,
          null,
          null,
          null,
          null,
          null,
          null,
          null,
          null,
          null,
          null,
          null,
          null,
          null,
          null,
          1,
          null,
          null,
          null,
          null,
          null,
          null,
          null,
          null,
          null,
          null,
          null,
          null,
          null,
          null,
          null,
          null,
          null,
          null,
          null,
          null,
          null,
          null,
          null,
          null,
          null,
          null,
          null,
          null,
          null,
          null,
          null,
          null,
          null,
          null,
          null,
          null,
          null,
          null,
          null,
          null,
          null,
          1,
          null,
          null,
          null,
          null,
          null,
          null,
          null,
          null,
          null,
          null,
          null,
          null,
          null,
          null,
          null,
          null,
          null,
          null,
          null,
          null,
          null,
          null,
          null,
          null,
          null,
          null,
          null,
          null,
          null,
          null,
          null,
          null,
          null,
          null,
          null,
          1,
          1,
          null,
          null,
          null,
          null,
          null,
          null,
          null
        ]
      },
      "/myapp/config/initializers/filter_parameter_logging.rb": {
        "lines": [
          null,
          null,
          null,
          null,
          null,
          1,
          null,
          null
        ]
      },
      "/myapp/config/initializers/inflections.rb": {
        "lines": [
          null,
          null,
          null,
          null,
          null,
          null,
          null,
          null,
          null,
          null,
          null,
          null,
          null,
          null,
          null,
          null
        ]
      },
      "/myapp/config/initializers/permissions_policy.rb": {
        "lines": [
          null,
          null,
          null,
          null,
          null,
          null,
          null,
          null,
          null,
          null,
          null,
          null,
          null
        ]
      },
      "/myapp/spec/factories/answers.rb": {
        "lines": [
          1,
          1,
          12,
          12,
          12,
          null,
          null
        ]
      },
      "/myapp/spec/factories/genres.rb": {
        "lines": [
          1,
          1,
          4,
          null,
          null
        ]
      },
      "/myapp/spec/factories/hints.rb": {
        "lines": [
          1,
          1,
          1,
          241,
          null,
          null
        ]
      },
      "/myapp/spec/factories/pickups.rb": {
        "lines": [
          1,
          1,
          9,
          9,
          null,
          null
        ]
      },
      "/myapp/spec/factories/reactions.rb": {
        "lines": [
          1,
          1,
          18,
          null,
          null
        ]
      },
      "/myapp/spec/factories/topics.rb": {
        "lines": [
          1,
          1,
          96,
          96,
          96,
          1,
          80,
          null,
          null,
          null
        ]
      },
      "/myapp/spec/factories/users.rb": {
        "lines": [
          1,
          1,
          57,
          57,
          57,
          57,
          null,
          null
        ]
      },
      "/myapp/config/routes.rb": {
        "lines": [
          1,
          1,
          null,
          null,
          null,
          null,
          null,
          null,
          null,
          1,
          null,
          1,
          1,
          1,
          null,
          null,
          1,
          null,
          1,
          1,
          null,
          null,
          1,
          null
        ]
      },
      "/myapp/app/models/user.rb": {
        "lines": [
          1,
          1,
          null,
          null,
          1,
          null,
          null,
          1,
          null,
          1,
          1,
          1,
          1,
          1,
          1,
          null,
          1,
          null,
          1,
          37,
          null,
          null,
          1,
          1,
          null,
          null,
          1,
          1,
          null,
          null,
          1,
          null,
          0,
          null,
          null,
          1,
          8,
          null,
          null,
          null,
          1,
          53,
          null,
          1,
          4,
          null,
          null
        ]
      },
      "/myapp/app/models/application_record.rb": {
        "lines": [
          1,
          1,
          null
        ]
      },
      "/myapp/app/helpers/application_helper.rb": {
        "lines": [
          1,
          null
        ]
      },
      "/myapp/spec/support/capybara.rb": {
        "lines": [
          1,
          1,
          1,
          1,
          1,
          1,
          1,
          null
        ]
      },
      "/myapp/spec/support/login_support.rb": {
        "lines": [
          1,
          1,
          23,
          23,
          null,
          23,
          23,
          23,
          23,
          23,
          null,
          null
        ]
      },
      "/myapp/spec/models/genre_spec.rb": {
        "lines": [
          1,
          null,
          1,
          1,
          1,
          2,
          null,
          1,
          1,
          1,
          null,
          null,
          1,
          1,
          1,
          1,
          1,
          1,
          1,
          1,
          1,
          null,
          null,
          null,
          null
        ]
      },
      "/myapp/spec/models/pickup_spec.rb": {
        "lines": [
          1,
          null,
          1,
          1,
          1,
          4,
          4,
          4,
          4,
          4,
          4,
          null,
          1,
          1,
          1,
          null,
          null,
          1,
          1,
          1,
          1,
          1,
          null,
          1,
          1,
          1,
          1,
          null,
          1,
          1,
          1,
          1,
          null,
          null,
          null,
          null
        ]
      },
      "/myapp/spec/models/reaction_spec.rb": {
        "lines": [
          1,
          null,
          1,
          1,
          1,
          2,
          null,
          1,
          1,
          1,
          null,
          null,
          1,
          1,
          1,
          1,
          1,
          null,
          null,
          null,
          null
        ]
      },
      "/myapp/spec/models/topic_spec.rb": {
        "lines": [
          1,
          null,
          1,
          1,
          1,
          4,
          4,
          4,
          null,
          1,
          1,
          1,
          null,
          1,
          1,
          1,
          1,
          null,
          null,
          1,
          1,
          1,
          1,
          1,
          null,
          1,
          1,
          1,
          null,
          null,
          null,
          null
        ]
      },
      "/myapp/spec/models/user_spec.rb": {
        "lines": [
          1,
          null,
          1,
          1,
          1,
          6,
          null,
          1,
          1,
          1,
          null,
          null,
          1,
          1,
          null,
          1,
          null,
          1,
          null,
          1,
          null,
          1,
          null,
          1,
          null,
          1,
          null,
          1,
          null,
          1,
          null,
          1,
          null,
          1,
          null,
          1,
          null,
          1,
          null,
          1,
          1,
          null,
          1,
          null,
          1,
          null,
          1,
          1,
          1,
          1,
          1,
          null,
          null,
          null,
          null
        ]
      },
      "/myapp/spec/system/answers_reactions_spec.rb": {
        "lines": [
          1,
          null,
          1,
          1,
          2,
          2,
          2,
          2,
          2,
          2,
          null,
          1,
          1,
          1,
          null,
          1,
          1,
          null,
          1,
          null,
          1,
          1,
          null,
          1,
          null,
          1,
          null,
          1,
          1,
          1,
          1,
          1,
          1,
          1,
          1,
          null,
          null,
          null,
          null
        ]
      },
      "/myapp/spec/system/answers_spec.rb": {
        "lines": [
          1,
          null,
          1,
          1,
          null,
          7,
          7,
          7,
          null,
          7,
          null,
          1,
          1,
          null,
          1,
          null,
          1,
          1,
          null,
          null,
          1,
          1,
          1,
          1,
          1,
          1,
          1,
          1,
          1,
          null,
          null,
          1,
          1,
          1,
          1,
          1,
          1,
          null,
          null,
          null,
          1,
          1,
          1,
          1,
          null,
          1,
          1,
          1,
          1,
          null,
          null,
          1,
          1,
          1,
          1,
          1,
          1,
          1,
          1,
          1,
          1,
          1,
          1,
          1,
          null,
          null,
          1,
          1,
          1,
          1,
          1,
          1,
          1,
          1,
          null,
          null,
          null,
          1,
          1,
          1,
          1,
          1,
          1,
          null,
          1,
          1,
          null,
          null,
          null
        ]
      },
      "/myapp/spec/system/mypage_spec.rb": {
        "lines": [
          1,
          null,
          1,
          1,
          2,
          null,
          1,
          1,
          null,
          1,
          null,
          1,
          null,
          1,
          null,
          1,
          null,
          1,
          null,
          1,
          1,
          null,
          1,
          null,
          1,
          null,
          1,
          1,
          null,
          null,
          1,
          null,
          1,
          1,
          null,
          1,
          null,
          1,
          null,
          1,
          null,
          1,
          null,
          1,
          1,
          null,
          null,
          null
        ]
      },
      "/myapp/spec/system/top_spec.rb": {
        "lines": [
          1,
          null,
          1,
          1,
          1,
          4,
          4,
          4,
          4,
          4,
          4,
          4,
          null,
          1,
          1,
          1,
          1,
          null,
          1,
          1,
          1,
          1,
          1,
          1,
          1,
          null,
          1,
          1,
          1,
          null,
          1,
          null,
          1,
          null,
          1,
          null,
          11,
          null,
          1,
          null,
          1,
          null,
          1,
          null,
          null,
          null
        ]
      },
      "/myapp/spec/system/topics_spec.rb": {
        "lines": [
          1,
          null,
          1,
          1,
          13,
          13,
          13,
          null,
          1,
          1,
          1,
          1,
          1,
          11,
          1,
          1,
          null,
          1,
          null,
          1,
          1,
          null,
          1,
          null,
          1,
          null,
          1,
          null,
          1,
          1,
          null,
          1,
          4,
          null,
          null,
          1,
          null,
          1,
          null,
          1,
          1,
          null,
          1,
          4,
          null,
          null,
          null,
          1,
          1,
          null,
          1,
          null,
          1,
          null,
          1,
          1,
          null,
          null,
          1,
          1,
          2,
          2,
          null,
          1,
          1,
          1,
          1,
          1,
          1,
          1,
          1,
          1,
          null,
          null,
          1,
          1,
          1,
          1,
          1,
          1,
          null,
          null,
          null,
          1,
          1,
          1,
          1,
          1,
          1,
          1,
          1,
          1,
          null,
          1,
          1,
          1,
          1,
          1,
          null,
          1,
          1,
          1,
          1,
          1,
          1,
          null,
          1,
          1,
          1,
          1,
          1,
          1,
          1,
          1,
          1,
          null,
          null,
          1,
          1,
          1,
          1,
          1,
          1,
          1,
          1,
          1,
          null,
          null,
          1,
          1,
          1,
          1,
          1,
          1,
          1,
          1,
          1,
          1,
          1,
          1,
          1,
          1,
          1,
          1,
          1,
          1,
          1,
          1,
          1,
          1,
          null,
          null,
          1,
          1,
          1,
          1,
          1,
          1,
          1,
          1,
          null,
          null,
          null,
          1,
          1,
          1,
          1,
          null,
          1,
          1,
          null,
          1,
          1,
          null,
          null,
          null
        ]
      },
      "/myapp/spec/system/users_session_spec.rb": {
        "lines": [
          1,
          null,
          1,
          1,
          5,
          null,
          null,
          1,
          1,
          1,
          null,
          1,
          null,
          1,
          null,
          null,
          null,
          1,
          1,
          3,
          3,
          3,
          null,
          1,
          1,
          1,
          1,
          1,
          1,
          1,
          null,
          1,
          null,
          null,
          1,
          1,
          1,
          null,
          1,
          1,
          1,
          1,
          null,
          1,
          1,
          1,
          1,
          null,
          1,
          1,
          null,
          1,
          1,
          null,
          1,
          1,
          1,
          1,
          null,
          1,
          1,
          1,
          1,
          null,
          1,
          1,
          null,
          null,
          null,
          1,
          1,
          1,
          1,
          1,
          1,
          1,
          1,
          1,
          1,
          null,
          null,
          null,
          null
        ]
      },
      "/myapp/spec/system/users_spec.rb": {
        "lines": [
          1,
          null,
          1,
          1,
          1,
          1,
          1,
          null,
          1,
          null,
          1,
          null,
          null,
          null,
          1,
          1,
          null,
          5,
          null,
          5,
          null,
          1,
          1,
          null,
          1,
          1,
          1,
          1,
          null,
          1,
          null,
          1,
          1,
          null,
          1,
          null,
          null,
          null,
          1,
          1,
          1,
          1,
          1,
          1,
          null,
          1,
          1,
          null,
          1,
          1,
          null,
          null,
          1,
          1,
          1,
          1,
          1,
          1,
          1,
          1,
          1,
          null,
          null,
          1,
          1,
          1,
          1,
          1,
          1,
          1,
          1,
          1,
          null,
          null,
          1,
          1,
          1,
          1,
          1,
          1,
          1,
          1,
          1,
          1,
          null,
          null,
          null,
          null,
          1,
          1,
          3,
          3,
          null,
          1,
          1,
          null,
          1,
          null,
          1,
          null,
          1,
          1,
          null,
          null,
          1,
          1,
          1,
          null,
          1,
          null,
          1,
          1,
          1,
          1,
          null,
          1,
          null,
          1,
          null,
          1,
          null,
          1,
          1,
          1,
          1,
          1,
          null,
          null,
          1,
          1,
          null,
          1,
          null,
          1,
          1,
          null,
          1,
          null,
          1,
          null,
          1,
          null,
          1,
          1,
          null,
          1,
          null,
          1,
          null,
          1,
          null,
          null,
          null,
          null,
          null
        ]
      },
      "/myapp/app/models/topic.rb": {
        "lines": [
          1,
          1,
          1,
          null,
          1,
          1,
          1,
          null,
          1,
          1,
          1,
          1,
          1,
          1,
          null,
          1,
          1,
          null,
          38,
          null,
          null,
          1,
          3,
          null,
          null,
          1,
          null,
          null,
          1,
          132,
          null,
          null,
          1,
          94,
          null,
          null,
          null,
          1,
          93,
          null,
          1,
          4,
          null,
          null
        ]
      },
      "/myapp/app/models/concerns/published_at_settable.rb": {
        "lines": [
          1,
          1,
          null,
          1,
          3,
          null,
          null,
          1,
          null,
          1,
          116,
          null,
          null
        ]
      },
      "/myapp/app/models/answer.rb": {
        "lines": [
          1,
          1,
          null,
          1,
          1,
          1,
          null,
          1,
          1,
          1,
          1,
          null
        ]
      },
      "/myapp/app/models/genre.rb": {
        "lines": [
          1,
          1,
          null,
          1,
          1,
          1,
          1,
          null
        ]
      },
      "/myapp/app/models/pickup.rb": {
        "lines": [
          1,
          1,
          1,
          6,
          1,
          null,
          38,
          null,
          1,
          null,
          1,
          3,
          1,
          null,
          null,
          null
        ]
      },
      "/myapp/app/models/reaction.rb": {
        "lines": [
          1,
          1,
          null,
          1,
          null,
          1,
          null
        ]
      },
      "/myapp/app/controllers/users/sessions_controller.rb": {
        "lines": [
          null,
          null,
          1,
          null,
          null,
          null,
          1,
          31,
          null,
          null,
          null,
          1,
          28,
          null,
          null,
          null,
          1,
          1,
          null,
          null,
          null,
          null,
          null,
          null,
          null,
          null,
          null
        ]
      },
      "/myapp/app/controllers/application_controller.rb": {
        "lines": [
          1,
          null,
          1,
          1,
          1,
          null,
          1,
          null,
          1,
          77,
          null,
          null
        ]
      },
      "/myapp/app/controllers/top_controller.rb": {
        "lines": [
          1,
          1,
          null,
          1,
          37,
          37,
          null,
          null
        ]
      },
      "/myapp/app/models/hint.rb": {
        "lines": [
          1,
          1,
          null,
          1,
          null
        ]
      },
      "/myapp/app/controllers/topics_controller.rb": {
        "lines": [
          1,
          1,
          1,
          7,
          7,
          null,
          null,
          1,
          3,
          12,
          null,
          null,
          1,
          2,
          2,
          1,
          null,
          1,
          null,
          null,
          null,
          1,
          22,
          22,
          22,
          null,
          null,
          1,
          3,
          3,
          null,
          null,
          1,
          2,
          2,
          1,
          null,
          1,
          null,
          null,
          null,
          1,
          1,
          1,
          1,
          null,
          null,
          1,
          null,
          1,
          4,
          null,
          null,
          null,
          null,
          null
        ]
      },
      "/myapp/app/models/topic_genre.rb": {
        "lines": [
          1,
          1,
          1,
          null,
          1,
          null
        ]
      },
      "/myapp/app/models/answer_reaction.rb": {
        "lines": [
          1,
          1,
          null,
          1,
          1,
          null,
          1,
          1,
          1,
          null
        ]
      },
      "/myapp/app/controllers/answer_reactions_controller.rb": {
        "lines": [
          1,
          1,
          1,
          1,
          1,
          null,
          null,
          1,
          1,
          1,
          1,
          null,
          null
        ]
      },
      "/myapp/app/controllers/answers_controller.rb": {
        "lines": [
          1,
          1,
          3,
          3,
          null,
          null,
          1,
          2,
          2,
          2,
          1,
          null,
          1,
          null,
          null,
          null,
          1,
          3,
          3,
          null,
          null,
          1,
          2,
          2,
          2,
          1,
          null,
          1,
          null,
          null,
          null,
          1,
          1,
          1,
          1,
          null,
          null,
          1,
          null,
          1,
          4,
          null,
          null
        ]
      },
      "/myapp/app/controllers/mypages_controller.rb": {
        "lines": [
          1,
          1,
          4,
          null,
          null
        ]
      },
      "/myapp/app/models/my_genre.rb": {
        "lines": [
          1,
          1,
          1,
          1,
          null
        ]
      },
      "/myapp/app/controllers/users/registrations_controller.rb": {
        "lines": [
          null,
          null,
          1,
          null,
          1,
          null,
          null,
          1,
          6,
          null,
          null,
          null,
          1,
          5,
          null,
          null,
          null,
          1,
          3,
          3,
          null,
          null,
          null,
          1,
          3,
          null,
          null,
          null,
          null,
          null,
          null,
          null,
          null,
          null,
          null,
          null,
          null,
          null,
          null,
          null,
          null,
          1,
          null,
          null,
          null,
          null,
          null,
          null,
          null,
          1,
          3,
          null,
          null,
          null,
          1,
          1,
          null,
          null,
          1,
          1,
          null,
          null,
          null,
          null,
          null,
          null,
          null
        ]
      }
    },
    "timestamp": 1756635493
  }
}
